[debug] [2020-11-20T23:27:31.623Z] ----------------------------------------------------------------------
[debug] [2020-11-20T23:27:31.625Z] Command:       C:\Program Files\nodejs\node.exe C:\Users\nicho\AppData\Roaming\npm\node_modules\firebase-tools\lib\bin\firebase.js emulators:start
[debug] [2020-11-20T23:27:31.625Z] CLI Version:   8.16.2
[debug] [2020-11-20T23:27:31.625Z] Platform:      win32
[debug] [2020-11-20T23:27:31.625Z] Node Version:  v12.18.3
[debug] [2020-11-20T23:27:31.626Z] Time:          Fri Nov 20 2020 18:27:31 GMT-0500 (Eastern Standard Time)
[debug] [2020-11-20T23:27:31.626Z] ----------------------------------------------------------------------
[debug] [2020-11-20T23:27:31.626Z] 
[debug] [2020-11-20T23:27:31.632Z] > command requires scopes: ["email","openid","https://www.googleapis.com/auth/cloudplatformprojects.readonly","https://www.googleapis.com/auth/firebase","https://www.googleapis.com/auth/cloud-platform"]
[debug] [2020-11-20T23:27:31.633Z] > authorizing via signed-in user
[info] i  emulators: Starting emulators: auth, functions, firestore {"metadata":{"emulator":{"name":"hub"},"message":"Starting emulators: auth, functions, firestore"}}
[debug] [2020-11-20T23:27:33.663Z] [hub] writing locator at C:\Users\nicho\AppData\Local\Temp\hub-colorpicker-75bbe.json
[warn] !  functions: The following emulators are not running, calls to these services from the Functions emulator will affect production: database, hosting, pubsub {"metadata":{"emulator":{"name":"functions"},"message":"The following emulators are not running, calls to these services from the Functions emulator will affect production: \u001b[1mdatabase, hosting, pubsub\u001b[22m"}}
[info] +  functions: Using node@12 from host. {"metadata":{"emulator":{"name":"functions"},"message":"Using node@12 from host."}}
[debug] [2020-11-20T23:27:35.709Z] defaultcredentials: writing to file C:\Users\nicho\AppData\Roaming\firebase\nicholasgeorgiou11_gmail_com_application_default_credentials.json
[debug] [2020-11-20T23:27:35.714Z] Setting GAC to C:\Users\nicho\AppData\Roaming\firebase\nicholasgeorgiou11_gmail_com_application_default_credentials.json {"metadata":{"emulator":{"name":"functions"},"message":"Setting GAC to C:\\Users\\nicho\\AppData\\Roaming\\firebase\\nicholasgeorgiou11_gmail_com_application_default_credentials.json"}}
[debug] [2020-11-20T23:27:37.734Z] Ignoring unsupported arg: projectId {"metadata":{"emulator":{"name":"firestore"},"message":"Ignoring unsupported arg: projectId"}}
[debug] [2020-11-20T23:27:37.735Z] Ignoring unsupported arg: auto_download {"metadata":{"emulator":{"name":"firestore"},"message":"Ignoring unsupported arg: auto_download"}}
[debug] [2020-11-20T23:27:37.735Z] Starting Firestore Emulator with command {"binary":"java","args":["-Duser.language=en","-jar","C:\\Users\\nicho\\.cache\\firebase\\emulators\\cloud-firestore-emulator-v1.11.9.jar","--host","localhost","--port",8080,"--rules","C:\\Users\\nicho\\Documents\\GitHub\\COMP-426-Final-Project\\firestore.rules","--functions_emulator","localhost:5001"],"optionalArgs":["port","webchannel_port","host","rules","functions_emulator","seed_from_export"],"joinArgs":false} {"metadata":{"emulator":{"name":"firestore"},"message":"Starting Firestore Emulator with command {\"binary\":\"java\",\"args\":[\"-Duser.language=en\",\"-jar\",\"C:\\\\Users\\\\nicho\\\\.cache\\\\firebase\\\\emulators\\\\cloud-firestore-emulator-v1.11.9.jar\",\"--host\",\"localhost\",\"--port\",8080,\"--rules\",\"C:\\\\Users\\\\nicho\\\\Documents\\\\GitHub\\\\COMP-426-Final-Project\\\\firestore.rules\",\"--functions_emulator\",\"localhost:5001\"],\"optionalArgs\":[\"port\",\"webchannel_port\",\"host\",\"rules\",\"functions_emulator\",\"seed_from_export\"],\"joinArgs\":false}"}}
[info] i  firestore: Firestore Emulator logging to firestore-debug.log {"metadata":{"emulator":{"name":"firestore"},"message":"Firestore Emulator logging to \u001b[1mfirestore-debug.log\u001b[22m"}}
[warn] !  ui: Emulator UI unable to start on port 4000, starting on 4002 instead. {"metadata":{"emulator":{"name":"ui"},"message":"Emulator UI unable to start on port 4000, starting on 4002 instead."}}
[debug] [2020-11-20T23:27:44.693Z] Ignoring unsupported arg: auto_download {"metadata":{"emulator":{"name":"ui"},"message":"Ignoring unsupported arg: auto_download"}}
[debug] [2020-11-20T23:27:44.693Z] Ignoring unsupported arg: port {"metadata":{"emulator":{"name":"ui"},"message":"Ignoring unsupported arg: port"}}
[debug] [2020-11-20T23:27:44.693Z] Starting Emulator UI with command {"binary":"node","args":["C:\\Users\\nicho\\.cache\\firebase\\emulators\\ui-v1.2.2\\server.bundle.js"],"optionalArgs":[],"joinArgs":false} {"metadata":{"emulator":{"name":"ui"},"message":"Starting Emulator UI with command {\"binary\":\"node\",\"args\":[\"C:\\\\Users\\\\nicho\\\\.cache\\\\firebase\\\\emulators\\\\ui-v1.2.2\\\\server.bundle.js\"],\"optionalArgs\":[],\"joinArgs\":false}"}}
[info] i  ui: Emulator UI logging to ui-debug.log {"metadata":{"emulator":{"name":"ui"},"message":"Emulator UI logging to \u001b[1mui-debug.log\u001b[22m"}}
[debug] [2020-11-20T23:27:44.803Z] Web / API server started at http://localhost:4002
 {"metadata":{"emulator":{"name":"ui"},"message":"Web / API server started at http://localhost:4002\n"}}
[info] i  functions: Watching "C:\Users\nicho\Documents\GitHub\COMP-426-Final-Project\functions" for Cloud Functions... {"metadata":{"emulator":{"name":"functions"},"message":"Watching \"C:\\Users\\nicho\\Documents\\GitHub\\COMP-426-Final-Project\\functions\" for Cloud Functions..."}}
[debug] [2020-11-20T23:27:45.221Z] [worker-pool] addWorker(~diagnostic~) {"metadata":{"emulator":{"name":"functions"},"message":"[worker-pool] addWorker(~diagnostic~)"}}
[debug] [2020-11-20T23:27:45.222Z] [worker-pool] Adding worker with key ~diagnostic~, total=1 {"metadata":{"emulator":{"name":"functions"},"message":"[worker-pool] Adding worker with key ~diagnostic~, total=1"}}
[debug] [2020-11-20T23:27:45.223Z] [worker-pool] submitWork(triggerId=) {"metadata":{"emulator":{"name":"functions"},"message":"[worker-pool] submitWork(triggerId=)"}}
[debug] [2020-11-20T23:27:45.224Z] [worker-~diagnostic~-f486d0d9-201a-4707-bc01-775c67a4b1a2]: Assigning socketPath: \\?\pipe\C:\Users\nicho\Documents\GitHub\COMP-426-Final-Project\functions\10324 {"metadata":{"emulator":{"name":"functions"},"message":"[worker-~diagnostic~-f486d0d9-201a-4707-bc01-775c67a4b1a2]: Assigning socketPath: \\\\?\\pipe\\C:\\Users\\nicho\\Documents\\GitHub\\COMP-426-Final-Project\\functions\\10324"}}
[debug] [2020-11-20T23:27:45.225Z] [worker-~diagnostic~-f486d0d9-201a-4707-bc01-775c67a4b1a2]: BUSY {"metadata":{"emulator":{"name":"functions"},"message":"[worker-~diagnostic~-f486d0d9-201a-4707-bc01-775c67a4b1a2]: BUSY"}}
[debug] [2020-11-20T23:27:45.607Z] [runtime-status] [10324] Functions runtime initialized. {"cwd":"C:\\Users\\nicho\\Documents\\GitHub\\COMP-426-Final-Project\\functions","node_version":"12.18.3"} {"metadata":{"emulator":{"name":"functions"},"message":"[runtime-status] [10324] Functions runtime initialized. {\"cwd\":\"C:\\\\Users\\\\nicho\\\\Documents\\\\GitHub\\\\COMP-426-Final-Project\\\\functions\",\"node_version\":\"12.18.3\"}"}}
[debug] [2020-11-20T23:27:45.608Z] [runtime-status] [10324] Disabled runtime features: undefined {"metadata":{"emulator":{"name":"functions"},"message":"[runtime-status] [10324] Disabled runtime features: undefined"}}
[debug] [2020-11-20T23:27:45.613Z] [runtime-status] [10324] Resolved module firebase-admin {"declared":true,"installed":true,"version":"9.4.1","resolution":"C:\\Users\\nicho\\Documents\\GitHub\\COMP-426-Final-Project\\functions\\node_modules\\firebase-admin\\lib\\index.js"} {"metadata":{"emulator":{"name":"functions"},"message":"[runtime-status] [10324] Resolved module firebase-admin {\"declared\":true,\"installed\":true,\"version\":\"9.4.1\",\"resolution\":\"C:\\\\Users\\\\nicho\\\\Documents\\\\GitHub\\\\COMP-426-Final-Project\\\\functions\\\\node_modules\\\\firebase-admin\\\\lib\\\\index.js\"}"}}
[debug] [2020-11-20T23:27:45.614Z] [runtime-status] [10324] Resolved module firebase-functions {"declared":true,"installed":true,"version":"3.11.0","resolution":"C:\\Users\\nicho\\Documents\\GitHub\\COMP-426-Final-Project\\functions\\node_modules\\firebase-functions\\lib\\index.js"} {"metadata":{"emulator":{"name":"functions"},"message":"[runtime-status] [10324] Resolved module firebase-functions {\"declared\":true,\"installed\":true,\"version\":\"3.11.0\",\"resolution\":\"C:\\\\Users\\\\nicho\\\\Documents\\\\GitHub\\\\COMP-426-Final-Project\\\\functions\\\\node_modules\\\\firebase-functions\\\\lib\\\\index.js\"}"}}
[debug] [2020-11-20T23:27:45.615Z] [runtime-status] [10324] Resolved module firebase-functions {"declared":true,"installed":true,"version":"3.11.0","resolution":"C:\\Users\\nicho\\Documents\\GitHub\\COMP-426-Final-Project\\functions\\node_modules\\firebase-functions\\lib\\index.js"} {"metadata":{"emulator":{"name":"functions"},"message":"[runtime-status] [10324] Resolved module firebase-functions {\"declared\":true,\"installed\":true,\"version\":\"3.11.0\",\"resolution\":\"C:\\\\Users\\\\nicho\\\\Documents\\\\GitHub\\\\COMP-426-Final-Project\\\\functions\\\\node_modules\\\\firebase-functions\\\\lib\\\\index.js\"}"}}
[debug] [2020-11-20T23:27:45.617Z] [runtime-status] [10324] Outgoing network have been stubbed. [{"name":"http","status":"mocked"},{"name":"http","status":"mocked"},{"name":"https","status":"mocked"},{"name":"https","status":"mocked"},{"name":"net","status":"mocked"}] {"metadata":{"emulator":{"name":"functions"},"message":"[runtime-status] [10324] Outgoing network have been stubbed. [{\"name\":\"http\",\"status\":\"mocked\"},{\"name\":\"http\",\"status\":\"mocked\"},{\"name\":\"https\",\"status\":\"mocked\"},{\"name\":\"https\",\"status\":\"mocked\"},{\"name\":\"net\",\"status\":\"mocked\"}]"}}
[debug] [2020-11-20T23:27:45.617Z] [runtime-status] [10324] Resolved module firebase-functions {"declared":true,"installed":true,"version":"3.11.0","resolution":"C:\\Users\\nicho\\Documents\\GitHub\\COMP-426-Final-Project\\functions\\node_modules\\firebase-functions\\lib\\index.js"} {"metadata":{"emulator":{"name":"functions"},"message":"[runtime-status] [10324] Resolved module firebase-functions {\"declared\":true,\"installed\":true,\"version\":\"3.11.0\",\"resolution\":\"C:\\\\Users\\\\nicho\\\\Documents\\\\GitHub\\\\COMP-426-Final-Project\\\\functions\\\\node_modules\\\\firebase-functions\\\\lib\\\\index.js\"}"}}
[debug] [2020-11-20T23:27:45.654Z] [runtime-status] [10324] Checked functions.config() {"config":{}} {"metadata":{"emulator":{"name":"functions"},"message":"[runtime-status] [10324] Checked functions.config() {\"config\":{}}"}}
[debug] [2020-11-20T23:27:45.655Z] [runtime-status] [10324] firebase-functions has been stubbed. {"functionsResolution":{"declared":true,"installed":true,"version":"3.11.0","resolution":"C:\\Users\\nicho\\Documents\\GitHub\\COMP-426-Final-Project\\functions\\node_modules\\firebase-functions\\lib\\index.js"}} {"metadata":{"emulator":{"name":"functions"},"message":"[runtime-status] [10324] firebase-functions has been stubbed. {\"functionsResolution\":{\"declared\":true,\"installed\":true,\"version\":\"3.11.0\",\"resolution\":\"C:\\\\Users\\\\nicho\\\\Documents\\\\GitHub\\\\COMP-426-Final-Project\\\\functions\\\\node_modules\\\\firebase-functions\\\\lib\\\\index.js\"}}"}}
[debug] [2020-11-20T23:27:45.655Z] [runtime-status] [10324] Resolved module firebase-functions {"declared":true,"installed":true,"version":"3.11.0","resolution":"C:\\Users\\nicho\\Documents\\GitHub\\COMP-426-Final-Project\\functions\\node_modules\\firebase-functions\\lib\\index.js"} {"metadata":{"emulator":{"name":"functions"},"message":"[runtime-status] [10324] Resolved module firebase-functions {\"declared\":true,\"installed\":true,\"version\":\"3.11.0\",\"resolution\":\"C:\\\\Users\\\\nicho\\\\Documents\\\\GitHub\\\\COMP-426-Final-Project\\\\functions\\\\node_modules\\\\firebase-functions\\\\lib\\\\index.js\"}"}}
[debug] [2020-11-20T23:27:45.656Z] [runtime-status] [10324] Resolved module firebase-admin {"declared":true,"installed":true,"version":"9.4.1","resolution":"C:\\Users\\nicho\\Documents\\GitHub\\COMP-426-Final-Project\\functions\\node_modules\\firebase-admin\\lib\\index.js"} {"metadata":{"emulator":{"name":"functions"},"message":"[runtime-status] [10324] Resolved module firebase-admin {\"declared\":true,\"installed\":true,\"version\":\"9.4.1\",\"resolution\":\"C:\\\\Users\\\\nicho\\\\Documents\\\\GitHub\\\\COMP-426-Final-Project\\\\functions\\\\node_modules\\\\firebase-admin\\\\lib\\\\index.js\"}"}}
[debug] [2020-11-20T23:27:45.657Z] [runtime-status] [10324] Resolved module firebase-functions {"declared":true,"installed":true,"version":"3.11.0","resolution":"C:\\Users\\nicho\\Documents\\GitHub\\COMP-426-Final-Project\\functions\\node_modules\\firebase-functions\\lib\\index.js"} {"metadata":{"emulator":{"name":"functions"},"message":"[runtime-status] [10324] Resolved module firebase-functions {\"declared\":true,\"installed\":true,\"version\":\"3.11.0\",\"resolution\":\"C:\\\\Users\\\\nicho\\\\Documents\\\\GitHub\\\\COMP-426-Final-Project\\\\functions\\\\node_modules\\\\firebase-functions\\\\lib\\\\index.js\"}"}}
[debug] [2020-11-20T23:27:45.657Z] [runtime-status] [10324] firebase-admin has been stubbed. {"adminResolution":{"declared":true,"installed":true,"version":"9.4.1","resolution":"C:\\Users\\nicho\\Documents\\GitHub\\COMP-426-Final-Project\\functions\\node_modules\\firebase-admin\\lib\\index.js"}} {"metadata":{"emulator":{"name":"functions"},"message":"[runtime-status] [10324] firebase-admin has been stubbed. {\"adminResolution\":{\"declared\":true,\"installed\":true,\"version\":\"9.4.1\",\"resolution\":\"C:\\\\Users\\\\nicho\\\\Documents\\\\GitHub\\\\COMP-426-Final-Project\\\\functions\\\\node_modules\\\\firebase-admin\\\\lib\\\\index.js\"}}"}}
[debug] [2020-11-20T23:27:45.658Z] [runtime-status] [10324] initializeApp(DEFAULT) {"databaseURL":"https://colorpicker-75bbe.firebaseio.com","storageBucket":"colorpicker-75bbe.appspot.com","projectId":"colorpicker-75bbe"} {"metadata":{"emulator":{"name":"functions"},"message":"[runtime-status] [10324] initializeApp(DEFAULT) {\"databaseURL\":\"https://colorpicker-75bbe.firebaseio.com\",\"storageBucket\":\"colorpicker-75bbe.appspot.com\",\"projectId\":\"colorpicker-75bbe\"}"}}
[debug] [2020-11-20T23:27:45.694Z] [runtime-status] [10324] auth.setJwtVerificationEnabled(false) {"metadata":{"emulator":{"name":"functions"},"message":"[runtime-status] [10324] auth.setJwtVerificationEnabled(false)"}}
[debug] [2020-11-20T23:27:45.696Z] addFirestoreTrigger "{\"eventTrigger\":{\"resource\":\"projects/colorpicker-75bbe/databases/(default)/documents/messages/{documentId}\",\"eventType\":\"providers/cloud.firestore/eventTypes/document.create\",\"service\":\"firestore.googleapis.com\"}}"
[debug] [2020-11-20T23:27:45.697Z] >>> HTTP REQUEST PUT http://localhost:8080/emulator/v1/projects/colorpicker-75bbe/triggers/makeUppercase  
 {"eventTrigger":{"resource":"projects/colorpicker-75bbe/databases/(default)/documents/messages/{documentId}","eventType":"providers/cloud.firestore/eventTypes/document.create","service":"firestore.googleapis.com"}}
[debug] [2020-11-20T23:27:45.699Z] [worker-~diagnostic~-f486d0d9-201a-4707-bc01-775c67a4b1a2]: IDLE {"metadata":{"emulator":{"name":"functions"},"message":"[worker-~diagnostic~-f486d0d9-201a-4707-bc01-775c67a4b1a2]: IDLE"}}
[debug] [2020-11-20T23:27:46.376Z] <<< HTTP RESPONSE 200 {"content-type":"application/json","content-length":"4"}
[info] +  functions[addMessage]: http function initialized (http://localhost:5001/colorpicker-75bbe/us-central1/addMessage). {"metadata":{"emulator":{"name":"functions"},"message":"\u001b[1mhttp\u001b[22m function initialized (http://localhost:5001/colorpicker-75bbe/us-central1/addMessage)."}}
[info] +  functions[makeUppercase]: firestore function initialized. {"metadata":{"emulator":{"name":"functions"},"message":"\u001b[1mfirestore\u001b[22m function initialized."}}
[info] 
┌────────────────────────────────────────────────────────────────┐
│ ✔  All emulators ready! View status and logs at localhost:4002 │
└────────────────────────────────────────────────────────────────┘

┌────────────────┬────────────────┬──────────────────────────┐
│ Emulator       │ Host:Port      │ View in Emulator UI      │
├────────────────┼────────────────┼──────────────────────────┤
│ Authentication │ localhost:9099 │ localhost:4002/auth      │
├────────────────┼────────────────┼──────────────────────────┤
│ Functions      │ localhost:5001 │ localhost:4002/functions │
├────────────────┼────────────────┼──────────────────────────┤
│ Firestore      │ localhost:8080 │ localhost:4002/firestore │
└────────────────┴────────────────┴──────────────────────────┘
  Other reserved ports: 4400, 4500

Issues? Report them at https://github.com/firebase/firebase-tools/issues and attach the *-debug.log files.
 
